<?xml version="1.0" encoding="UTF-8"?>
<!-- Generated by org.testng.reporters.JUnitReportReporter -->
<testsuite hostname="LAPTOP-3L9MPVO8" failures="0" tests="1" name="com.bbc.testcase.TC_consearch_009" time="1.021" errors="0" timestamp="2022-05-18T12:58:42 IST" skipped="0">
  <testcase classname="com.bbc.testcase.TC_consearch_009" name="veriftsearchbar" time="1.021"/>
  <system-out/>
</testsuite> <!-- com.bbc.testcase.TC_consearch_009 -->
