<?xml version="1.0" encoding="UTF-8"?>
<!-- Generated by org.testng.reporters.JUnitReportReporter -->
<testsuite hostname="LAPTOP-3L9MPVO8" failures="0" tests="1" name="com.ul.testcase.TC_about_004" time="0.946" errors="0" timestamp="2022-06-02T07:27:53 IST" skipped="0">
  <testcase classname="com.ul.testcase.TC_about_004" name="aboutcheck" time="0.946"/>
  <system-out/>
</testsuite> <!-- com.ul.testcase.TC_about_004 -->
