<?xml version="1.0" encoding="UTF-8"?>
<!-- Generated by org.testng.reporters.JUnitReportReporter -->
<testsuite hostname="LAPTOP-3L9MPVO8" failures="0" tests="10" name="com.ul.testcase.TC_search_001" time="23.678" errors="0" timestamp="2022-06-02T07:18:12 IST" skipped="0">
  <testcase classname="com.ul.testcase.TC_search_001" name="loginTest" time="2.635"/>
  <system-out/>
  <testcase classname="com.ul.testcase.TC_search_001" name="loginTest" time="2.471"/>
  <system-out/>
  <testcase classname="com.ul.testcase.TC_search_001" name="loginTest" time="2.868"/>
  <system-out/>
  <testcase classname="com.ul.testcase.TC_search_001" name="loginTest" time="2.073"/>
  <system-out/>
  <testcase classname="com.ul.testcase.TC_search_001" name="loginTest" time="2.777"/>
  <system-out/>
  <testcase classname="com.ul.testcase.TC_search_001" name="loginTest" time="1.983"/>
  <system-out/>
  <testcase classname="com.ul.testcase.TC_search_001" name="loginTest" time="1.925"/>
  <system-out/>
  <testcase classname="com.ul.testcase.TC_search_001" name="loginTest" time="2.696"/>
  <system-out/>
  <testcase classname="com.ul.testcase.TC_search_001" name="loginTest" time="2.144"/>
  <system-out/>
  <testcase classname="com.ul.testcase.TC_search_001" name="loginTest" time="2.106"/>
  <system-out/>
</testsuite> <!-- com.ul.testcase.TC_search_001 -->
