<?xml version="1.0" encoding="UTF-8"?>
<!-- Generated by org.testng.reporters.JUnitReportReporter -->
<testsuite hostname="LAPTOP-3L9MPVO8" failures="0" tests="10" name="com.bbc.testcase.TC_search_001" time="26.534" errors="0" timestamp="2022-05-18T12:58:42 IST" skipped="0">
  <testcase classname="com.bbc.testcase.TC_search_001" name="loginTest" time="2.296"/>
  <system-out/>
  <testcase classname="com.bbc.testcase.TC_search_001" name="loginTest" time="2.440"/>
  <system-out/>
  <testcase classname="com.bbc.testcase.TC_search_001" name="loginTest" time="3.131"/>
  <system-out/>
  <testcase classname="com.bbc.testcase.TC_search_001" name="loginTest" time="2.492"/>
  <system-out/>
  <testcase classname="com.bbc.testcase.TC_search_001" name="loginTest" time="2.800"/>
  <system-out/>
  <testcase classname="com.bbc.testcase.TC_search_001" name="loginTest" time="3.501"/>
  <system-out/>
  <testcase classname="com.bbc.testcase.TC_search_001" name="loginTest" time="1.977"/>
  <system-out/>
  <testcase classname="com.bbc.testcase.TC_search_001" name="loginTest" time="2.110"/>
  <system-out/>
  <testcase classname="com.bbc.testcase.TC_search_001" name="loginTest" time="2.641"/>
  <system-out/>
  <testcase classname="com.bbc.testcase.TC_search_001" name="loginTest" time="3.146"/>
  <system-out/>
</testsuite> <!-- com.bbc.testcase.TC_search_001 -->
