<?xml version="1.0" encoding="UTF-8"?>
<!-- Generated by org.testng.reporters.JUnitReportReporter -->
<testsuite hostname="LAPTOP-3L9MPVO8" failures="0" tests="1" name="com.ul.testcase.TC_consearch_009" time="0.869" errors="0" timestamp="2022-06-02T07:18:12 IST" skipped="0">
  <testcase classname="com.ul.testcase.TC_consearch_009" name="veriftsearchbar" time="0.869"/>
  <system-out/>
</testsuite> <!-- com.ul.testcase.TC_consearch_009 -->
